2016/06/03 02:29:15.698327 geolite.go:24: INFO GeoIP disabled: No paths were set under output.geoip.paths
2016/06/03 02:29:15.698562 logstash.go:106: INFO Max Retries set to: 3
2016/06/03 02:29:15.700333 outputs.go:126: INFO Activated logstash as output plugin.
2016/06/03 02:29:15.700436 publish.go:288: INFO Publisher name: logstash.es.dev
2016/06/03 02:29:15.702420 async.go:78: INFO Flush Interval set to: 1s
2016/06/03 02:29:15.702517 async.go:84: INFO Max Bulk Size set to: 2048
2016/06/03 02:29:15.703722 beat.go:147: INFO Init Beat: filebeat; Version: 1.2.3
2016/06/03 02:29:15.704637 beat.go:173: INFO filebeat sucessfully setup. Start running.
2016/06/03 02:29:15.705042 registrar.go:68: INFO Registry file set to: /vagrant/conf/.filebeat
2016/06/03 02:29:15.705445 registrar.go:80: INFO Loading registrar data from /vagrant/conf/.filebeat
2016/06/03 02:29:15.705804 prospector.go:133: INFO Set ignore_older duration to 0
2016/06/03 02:29:15.705906 prospector.go:133: INFO Set close_older duration to 1h0m0s
2016/06/03 02:29:15.705967 prospector.go:133: INFO Set scan_frequency duration to 10s
2016/06/03 02:29:15.706034 prospector.go:93: INFO Input type set to: log
2016/06/03 02:29:15.706139 prospector.go:133: INFO Set backoff duration to 1s
2016/06/03 02:29:15.706199 prospector.go:133: INFO Set max_backoff duration to 10s
2016/06/03 02:29:15.706315 prospector.go:113: INFO force_close_file is disabled
2016/06/03 02:29:15.706479 prospector.go:143: INFO Starting prospector of type: log
2016/06/03 02:29:15.706687 log.go:113: INFO Harvester started for file: /var/log/wpa_supplicant.log
2016/06/03 02:29:15.706442 spooler.go:77: INFO Starting spooler: spool_size: 2048; idle_timeout: 5s
2016/06/03 02:29:15.706900 log.go:113: INFO Harvester started for file: /var/log/vboxadd-install.log
2016/06/03 02:29:15.707037 log.go:113: INFO Harvester started for file: /var/log/VBoxGuestAdditions-uninstall.log
2016/06/03 02:29:15.707127 log.go:113: INFO Harvester started for file: /var/log/yum.log
2016/06/03 02:29:15.707258 log.go:113: INFO Harvester started for file: /var/log/boot.log
2016/06/03 02:29:15.707359 log.go:113: INFO Harvester started for file: /var/log/VBoxGuestAdditions.log
2016/06/03 02:29:15.707466 crawler.go:78: INFO All prospectors initialised with 7 states to persist
2016/06/03 02:29:15.707551 registrar.go:87: INFO Starting Registrar
2016/06/03 02:29:15.707644 publish.go:88: INFO Start sending events to output
2016/06/03 02:29:15.707743 log.go:113: INFO Harvester started for file: /var/log/vboxadd-install-x11.log
2016/06/03 02:33:39.773031 registrar.go:133: INFO Stopping Registrar
2016/06/03 02:33:39.773482 registrar.go:97: INFO Ending Registrar
2016/06/03 02:33:39.774958 registrar.go:162: INFO Registry file updated. 7 states written.
2016/06/03 02:33:39.775677 beat.go:183: INFO Cleaning up filebeat before shutting down.
